<?xml version="1.0" encoding="UTF-8"?>
<coverage generated="1647250395062" clover="3.2.0">
  <project timestamp="1647250395063" name="All files">
    <metrics statements="30" coveredstatements="26" conditionals="18" coveredconditionals="16" methods="3" coveredmethods="3" elements="51" coveredelements="45" complexity="0" loc="30" ncloc="30" packages="1" files="3" classes="3"/>
    <file name="1-BMI.js" path="/Users/rafsan/Documents/GitHub/V&V/LabFinal/src/1-BMI.js">
      <metrics statements="7" coveredstatements="7" conditionals="10" coveredconditionals="10" methods="1" coveredmethods="1"/>
      <line num="3" count="41" type="cond" truecount="5" falsecount="0"/>
      <line num="4" count="16" type="stmt"/>
      <line num="5" count="25" type="cond" truecount="5" falsecount="0"/>
      <line num="6" count="4" type="stmt"/>
      <line num="8" count="21" type="stmt"/>
      <line num="11" count="1" type="stmt"/>
      <line num="13" count="1" type="stmt"/>
    </file>
    <file name="2-converter.js" path="/Users/rafsan/Documents/GitHub/V&V/LabFinal/src/2-converter.js">
      <metrics statements="13" coveredstatements="9" conditionals="6" coveredconditionals="4" methods="1" coveredmethods="1"/>
      <line num="5" count="19" type="cond" truecount="2" falsecount="0"/>
      <line num="7" count="7" type="stmt"/>
      <line num="8" count="7" type="stmt"/>
      <line num="9" count="12" type="cond" truecount="1" falsecount="1"/>
      <line num="10" count="0" type="stmt"/>
      <line num="11" count="0" type="stmt"/>
      <line num="12" count="12" type="cond" truecount="1" falsecount="1"/>
      <line num="13" count="0" type="stmt"/>
      <line num="14" count="0" type="stmt"/>
      <line num="16" count="12" type="stmt"/>
      <line num="18" count="7" type="stmt"/>
      <line num="21" count="1" type="stmt"/>
      <line num="22" count="1" type="stmt"/>
    </file>
    <file name="3-sorting.js" path="/Users/rafsan/Documents/GitHub/V&V/LabFinal/src/3-sorting.js">
      <metrics statements="10" coveredstatements="10" conditionals="2" coveredconditionals="2" methods="1" coveredmethods="1"/>
      <line num="2" count="15" type="stmt"/>
      <line num="3" count="15" type="stmt"/>
      <line num="4" count="4" type="stmt"/>
      <line num="5" count="16" type="cond" truecount="2" falsecount="0"/>
      <line num="6" count="2" type="stmt"/>
      <line num="7" count="2" type="stmt"/>
      <line num="8" count="2" type="stmt"/>
      <line num="12" count="15" type="stmt"/>
      <line num="14" count="1" type="stmt"/>
      <line num="15" count="1" type="stmt"/>
    </file>
  </project>
</coverage>
