TN:
SF:src/1-BMI.js
FN:1,calculateBMI
FNF:1
FNH:1
FNDA:41,calculateBMI
DA:3,41
DA:4,16
DA:5,25
DA:6,4
DA:8,21
DA:11,1
DA:13,1
LF:7
LH:7
BRDA:3,0,0,16
BRDA:3,0,1,25
BRDA:3,1,0,41
BRDA:3,1,1,37
BRDA:3,1,2,29
BRDA:5,2,0,4
BRDA:5,2,1,21
BRDA:5,3,0,25
BRDA:5,3,1,25
BRDA:5,3,2,21
BRF:10
BRH:10
end_of_record
TN:
SF:src/2-converter.js
FN:1,WeightConverter
FNF:1
FNH:1
FNDA:19,WeightConverter
DA:5,19
DA:7,7
DA:8,7
DA:9,12
DA:10,0
DA:11,0
DA:12,12
DA:13,0
DA:14,0
DA:16,12
DA:18,7
DA:21,1
DA:22,1
LF:13
LH:9
BRDA:5,0,0,7
BRDA:5,0,1,12
BRDA:9,1,0,0
BRDA:9,1,1,12
BRDA:12,2,0,0
BRDA:12,2,1,12
BRF:6
BRH:4
end_of_record
TN:
SF:src/3-sorting.js
FN:1,bubbleSort
FNF:1
FNH:1
FNDA:15,bubbleSort
DA:2,15
DA:3,15
DA:4,4
DA:5,16
DA:6,2
DA:7,2
DA:8,2
DA:12,15
DA:14,1
DA:15,1
LF:10
LH:10
BRDA:5,0,0,2
BRDA:5,0,1,14
BRF:2
BRH:2
end_of_record
