{"/Users/rafsan/Documents/GitHub/V&V/LabFinal/src/1-BMI.js": {"path":"/Users/rafsan/Documents/GitHub/V&V/LabFinal/src/1-BMI.js","statementMap":{"0":{"start":{"line":3,"column":4},"end":{"line":9,"column":5}},"1":{"start":{"line":4,"column":8},"end":{"line":4,"column":47}},"2":{"start":{"line":5,"column":11},"end":{"line":9,"column":5}},"3":{"start":{"line":6,"column":8},"end":{"line":6,"column":46}},"4":{"start":{"line":8,"column":8},"end":{"line":8,"column":73}},"5":{"start":{"line":11,"column":0},"end":{"line":11,"column":34}},"6":{"start":{"line":13,"column":0},"end":{"line":15,"column":1}}},"fnMap":{"0":{"name":"calculateBMI","decl":{"start":{"line":1,"column":9},"end":{"line":1,"column":21}},"loc":{"start":{"line":2,"column":0},"end":{"line":10,"column":1}},"line":2}},"branchMap":{"0":{"loc":{"start":{"line":3,"column":4},"end":{"line":9,"column":5}},"type":"if","locations":[{"start":{"line":3,"column":4},"end":{"line":9,"column":5}},{"start":{"line":5,"column":11},"end":{"line":9,"column":5}}],"line":3},"1":{"loc":{"start":{"line":3,"column":7},"end":{"line":3,"column":69}},"type":"binary-expr","locations":[{"start":{"line":3,"column":8},"end":{"line":3,"column":25}},{"start":{"line":3,"column":31},"end":{"line":3,"column":45}},{"start":{"line":3,"column":51},"end":{"line":3,"column":68}}],"line":3},"2":{"loc":{"start":{"line":5,"column":11},"end":{"line":9,"column":5}},"type":"if","locations":[{"start":{"line":5,"column":11},"end":{"line":9,"column":5}},{"start":{"line":7,"column":11},"end":{"line":9,"column":5}}],"line":5},"3":{"loc":{"start":{"line":5,"column":15},"end":{"line":5,"column":71}},"type":"binary-expr","locations":[{"start":{"line":5,"column":15},"end":{"line":5,"column":32}},{"start":{"line":5,"column":36},"end":{"line":5,"column":50}},{"start":{"line":5,"column":54},"end":{"line":5,"column":71}}],"line":5}},"s":{"0":41,"1":16,"2":25,"3":4,"4":21,"5":1,"6":1},"f":{"0":41},"b":{"0":[16,25],"1":[41,37,29],"2":[4,21],"3":[25,25,21]},"_coverageSchema":"1a1c01bbd47fc00a2c39e90264f33305004495a9","hash":"2460f8919fc29a4dfeb546b58192930a4ba5c58a"}
,"/Users/rafsan/Documents/GitHub/V&V/LabFinal/src/2-converter.js": {"path":"/Users/rafsan/Documents/GitHub/V&V/LabFinal/src/2-converter.js","statementMap":{"0":{"start":{"line":5,"column":4},"end":{"line":17,"column":5}},"1":{"start":{"line":7,"column":8},"end":{"line":7,"column":50}},"2":{"start":{"line":8,"column":8},"end":{"line":8,"column":51}},"3":{"start":{"line":9,"column":11},"end":{"line":17,"column":5}},"4":{"start":{"line":10,"column":8},"end":{"line":10,"column":50}},"5":{"start":{"line":11,"column":8},"end":{"line":11,"column":50}},"6":{"start":{"line":12,"column":11},"end":{"line":17,"column":5}},"7":{"start":{"line":13,"column":8},"end":{"line":13,"column":52}},"8":{"start":{"line":14,"column":8},"end":{"line":14,"column":53}},"9":{"start":{"line":16,"column":8},"end":{"line":16,"column":29}},"10":{"start":{"line":18,"column":4},"end":{"line":18,"column":30}},"11":{"start":{"line":21,"column":0},"end":{"line":21,"column":42}},"12":{"start":{"line":22,"column":0},"end":{"line":24,"column":1}}},"fnMap":{"0":{"name":"WeightConverter","decl":{"start":{"line":1,"column":9},"end":{"line":1,"column":24}},"loc":{"start":{"line":2,"column":0},"end":{"line":19,"column":1}},"line":2}},"branchMap":{"0":{"loc":{"start":{"line":5,"column":4},"end":{"line":17,"column":5}},"type":"if","locations":[{"start":{"line":5,"column":4},"end":{"line":17,"column":5}},{"start":{"line":9,"column":11},"end":{"line":17,"column":5}}],"line":5},"1":{"loc":{"start":{"line":9,"column":11},"end":{"line":17,"column":5}},"type":"if","locations":[{"start":{"line":9,"column":11},"end":{"line":17,"column":5}},{"start":{"line":12,"column":11},"end":{"line":17,"column":5}}],"line":9},"2":{"loc":{"start":{"line":12,"column":11},"end":{"line":17,"column":5}},"type":"if","locations":[{"start":{"line":12,"column":11},"end":{"line":17,"column":5}},{"start":{"line":15,"column":11},"end":{"line":17,"column":5}}],"line":12}},"s":{"0":19,"1":7,"2":7,"3":12,"4":0,"5":0,"6":12,"7":0,"8":0,"9":12,"10":7,"11":1,"12":1},"f":{"0":19},"b":{"0":[7,12],"1":[0,12],"2":[0,12]},"_coverageSchema":"1a1c01bbd47fc00a2c39e90264f33305004495a9","hash":"173817f10444f2f48c798258f3009ca35ad3e15d"}
,"/Users/rafsan/Documents/GitHub/V&V/LabFinal/src/3-sorting.js": {"path":"/Users/rafsan/Documents/GitHub/V&V/LabFinal/src/3-sorting.js","statementMap":{"0":{"start":{"line":2,"column":14},"end":{"line":2,"column":24}},"1":{"start":{"line":3,"column":4},"end":{"line":11,"column":5}},"2":{"start":{"line":3,"column":17},"end":{"line":3,"column":18}},"3":{"start":{"line":4,"column":8},"end":{"line":10,"column":9}},"4":{"start":{"line":4,"column":21},"end":{"line":4,"column":22}},"5":{"start":{"line":5,"column":12},"end":{"line":9,"column":13}},"6":{"start":{"line":6,"column":26},"end":{"line":6,"column":32}},"7":{"start":{"line":7,"column":16},"end":{"line":7,"column":36}},"8":{"start":{"line":8,"column":16},"end":{"line":8,"column":33}},"9":{"start":{"line":12,"column":4},"end":{"line":12,"column":15}},"10":{"start":{"line":14,"column":0},"end":{"line":14,"column":34}},"11":{"start":{"line":15,"column":0},"end":{"line":17,"column":1}}},"fnMap":{"0":{"name":"bubbleSort","decl":{"start":{"line":1,"column":9},"end":{"line":1,"column":19}},"loc":{"start":{"line":1,"column":25},"end":{"line":13,"column":1}},"line":1}},"branchMap":{"0":{"loc":{"start":{"line":5,"column":12},"end":{"line":9,"column":13}},"type":"if","locations":[{"start":{"line":5,"column":12},"end":{"line":9,"column":13}},{"start":{},"end":{}}],"line":5}},"s":{"0":15,"1":15,"2":15,"3":4,"4":4,"5":16,"6":2,"7":2,"8":2,"9":15,"10":1,"11":1},"f":{"0":15},"b":{"0":[2,14]},"_coverageSchema":"1a1c01bbd47fc00a2c39e90264f33305004495a9","hash":"cc0f0ef1eb0afa85b831e0333114bfc5d99a9d4b"}
}
