TN:
SF:src/1-BMI.js
FN:1,calculateBMI
FNF:1
FNH:1
FNDA:21,calculateBMI
DA:3,21
DA:4,8
DA:5,13
DA:6,2
DA:8,11
DA:11,1
DA:13,1
LF:7
LH:7
BRDA:3,0,0,8
BRDA:3,0,1,13
BRDA:3,1,0,21
BRDA:3,1,1,19
BRDA:3,1,2,15
BRDA:5,2,0,2
BRDA:5,2,1,11
BRDA:5,3,0,13
BRDA:5,3,1,13
BRDA:5,3,2,11
BRF:10
BRH:10
end_of_record
TN:
SF:src/2-converter.js
FN:1,WeightConverter
FNF:1
FNH:1
FNDA:13,WeightConverter
DA:5,13
DA:7,7
DA:8,7
DA:9,6
DA:10,0
DA:11,0
DA:12,6
DA:13,0
DA:14,0
DA:16,6
DA:18,7
DA:21,1
DA:22,1
LF:13
LH:9
BRDA:5,0,0,7
BRDA:5,0,1,6
BRDA:9,1,0,0
BRDA:9,1,1,6
BRDA:12,2,0,0
BRDA:12,2,1,6
BRF:6
BRH:4
end_of_record
TN:
SF:src/3-sorting.js
FN:1,bubbleSort
FNF:1
FNH:1
FNDA:9,bubbleSort
DA:2,9
DA:3,9
DA:4,36
DA:5,152
DA:6,2
DA:7,2
DA:8,2
DA:12,9
DA:14,1
DA:15,1
LF:10
LH:10
BRDA:5,0,0,2
BRDA:5,0,1,150
BRF:2
BRH:2
end_of_record
