TN:
SF:src/1-BMI.js
FN:1,calculateBMI
FNF:1
FNH:1
FNDA:23,calculateBMI
DA:3,23
DA:4,8
DA:5,15
DA:6,4
DA:8,11
DA:11,1
DA:13,1
LF:7
LH:7
BRDA:3,0,0,8
BRDA:3,0,1,15
BRDA:3,1,0,23
BRDA:3,1,1,21
BRDA:3,1,2,17
BRDA:5,2,0,4
BRDA:5,2,1,11
BRDA:5,3,0,15
BRDA:5,3,1,13
BRDA:5,3,2,11
BRF:10
BRH:10
end_of_record
TN:
SF:src/2-converter.js
FN:1,WeightConverter
FNF:1
FNH:1
FNDA:17,WeightConverter
DA:5,17
DA:7,7
DA:8,7
DA:9,10
DA:10,2
DA:11,2
DA:12,8
DA:13,2
DA:14,2
DA:16,6
DA:18,11
DA:21,1
DA:22,1
LF:13
LH:13
BRDA:5,0,0,7
BRDA:5,0,1,10
BRDA:9,1,0,2
BRDA:9,1,1,8
BRDA:12,2,0,2
BRDA:12,2,1,6
BRF:6
BRH:6
end_of_record
TN:
SF:src/3-sorting.js
FN:1,bubbleSort
FNF:1
FNH:1
FNDA:6,bubbleSort
DA:2,6
DA:3,6
DA:4,26
DA:5,114
DA:6,10
DA:7,10
DA:8,10
DA:12,6
DA:15,1
LF:9
LH:9
BRDA:5,0,0,10
BRDA:5,0,1,104
BRF:2
BRH:2
end_of_record
