TN:
SF:.stryker-tmp/sandbox2315417/src/1-BMI.js
FN:2,stryNS_9fa48
FN:10,retrieveNS
FN:20,stryCov_9fa48
FN:27,cover
FN:45,stryMutAct_9fa48
FN:48,isActive
FN:64,calculateBMI
FNF:7
FNH:7
FNDA:1,stryNS_9fa48
FNDA:3,retrieveNS
FNDA:1,stryCov_9fa48
FNDA:254,cover
FNDA:1,stryMutAct_9fa48
FNDA:454,isActive
FNDA:21,calculateBMI
DA:3,1
DA:4,1
DA:6,1
DA:7,0
DA:11,3
DA:14,1
DA:15,1
DA:18,1
DA:21,1
DA:22,1
DA:28,254
DA:30,254
DA:31,0
DA:34,254
DA:36,254
DA:37,454
DA:41,1
DA:42,1
DA:46,1
DA:49,454
DA:50,0
DA:51,0
DA:54,0
DA:57,454
DA:60,1
DA:61,1
DA:65,21
DA:68,21
DA:70,21
DA:71,8
DA:74,8
DA:75,8
DA:77,13
DA:78,2
DA:81,2
DA:82,2
DA:85,11
DA:88,11
DA:89,11
DA:95,1
DA:96,1
LF:41
LH:36
BRDA:4,0,0,1
BRDA:4,0,1,1
BRDA:6,1,0,0
BRDA:6,1,1,1
BRDA:6,2,0,1
BRDA:6,2,1,1
BRDA:6,2,2,1
BRDA:6,2,3,1
BRDA:22,3,0,1
BRDA:22,3,1,1
BRDA:30,4,0,0
BRDA:30,4,1,254
BRDA:31,5,0,0
BRDA:31,5,1,0
BRDA:37,6,0,454
BRDA:37,6,1,32
BRDA:49,7,0,0
BRDA:49,7,1,454
BRDA:50,8,0,0
BRDA:50,8,1,0
BRDA:50,9,0,0
BRDA:50,9,1,0
BRDA:65,10,0,0
BRDA:65,10,1,21
BRDA:70,11,0,8
BRDA:70,11,1,13
BRDA:70,12,0,0
BRDA:70,12,1,21
BRDA:70,13,0,0
BRDA:70,13,1,0
BRDA:70,13,2,0
BRDA:70,14,0,0
BRDA:70,14,1,21
BRDA:70,15,0,0
BRDA:70,15,1,21
BRDA:70,16,0,21
BRDA:70,16,1,15
BRDA:70,17,0,0
BRDA:70,17,1,21
BRDA:70,18,0,0
BRDA:70,18,1,0
BRDA:70,19,0,0
BRDA:70,19,1,21
BRDA:70,20,0,21
BRDA:70,20,1,19
BRDA:70,21,0,0
BRDA:70,21,1,21
BRDA:70,22,0,0
BRDA:70,22,1,21
BRDA:70,23,0,0
BRDA:70,23,1,21
BRDA:70,24,0,0
BRDA:70,24,1,19
BRDA:70,25,0,0
BRDA:70,25,1,19
BRDA:70,26,0,0
BRDA:70,26,1,19
BRDA:71,27,0,0
BRDA:71,27,1,8
BRDA:75,28,0,0
BRDA:75,28,1,8
BRDA:77,29,0,2
BRDA:77,29,1,11
BRDA:77,30,0,0
BRDA:77,30,1,13
BRDA:77,31,0,0
BRDA:77,31,1,0
BRDA:77,31,2,0
BRDA:77,32,0,0
BRDA:77,32,1,13
BRDA:77,33,0,0
BRDA:77,33,1,13
BRDA:77,34,0,13
BRDA:77,34,1,11
BRDA:77,35,0,0
BRDA:77,35,1,13
BRDA:77,36,0,0
BRDA:77,36,1,0
BRDA:77,37,0,0
BRDA:77,37,1,13
BRDA:77,38,0,13
BRDA:77,38,1,13
BRDA:77,39,0,0
BRDA:77,39,1,13
BRDA:77,40,0,0
BRDA:77,40,1,13
BRDA:77,41,0,0
BRDA:77,41,1,13
BRDA:77,42,0,0
BRDA:77,42,1,13
BRDA:77,43,0,0
BRDA:77,43,1,13
BRDA:77,44,0,0
BRDA:77,44,1,13
BRDA:78,45,0,0
BRDA:78,45,1,2
BRDA:82,46,0,0
BRDA:82,46,1,2
BRDA:85,47,0,0
BRDA:85,47,1,11
BRDA:89,48,0,0
BRDA:89,48,1,11
BRDA:89,49,0,0
BRDA:89,49,1,0
BRDA:89,50,0,0
BRDA:89,50,1,11
BRDA:89,51,0,0
BRDA:89,51,1,11
BRDA:96,52,0,0
BRDA:96,52,1,1
BRF:110
BRH:57
end_of_record
TN:
SF:.stryker-tmp/sandbox2315417/src/2-converter.js
FN:2,stryNS_9fa48
FN:10,retrieveNS
FN:20,stryCov_9fa48
FN:27,cover
FN:45,stryMutAct_9fa48
FN:48,isActive
FN:64,WeightConverter
FNF:7
FNH:7
FNDA:1,stryNS_9fa48
FNDA:3,retrieveNS
FNDA:1,stryCov_9fa48
FNDA:119,cover
FNDA:1,stryMutAct_9fa48
FNDA:169,isActive
FNDA:13,WeightConverter
DA:3,1
DA:4,1
DA:6,1
DA:7,0
DA:11,3
DA:14,1
DA:15,1
DA:18,1
DA:21,1
DA:22,1
DA:28,119
DA:30,119
DA:31,0
DA:34,119
DA:36,119
DA:37,169
DA:41,1
DA:42,1
DA:46,1
DA:49,169
DA:50,0
DA:51,0
DA:54,0
DA:57,169
DA:60,1
DA:61,1
DA:65,13
DA:68,13
DA:71,13
DA:72,7
DA:75,7
DA:76,7
DA:77,7
DA:79,6
DA:80,0
DA:83,0
DA:84,0
DA:85,0
DA:87,6
DA:88,0
DA:91,0
DA:92,0
DA:93,0
DA:96,6
DA:99,6
DA:100,6
DA:104,7
DA:108,1
DA:109,1
LF:49
LH:36
BRDA:4,0,0,1
BRDA:4,0,1,1
BRDA:6,1,0,0
BRDA:6,1,1,1
BRDA:6,2,0,1
BRDA:6,2,1,1
BRDA:6,2,2,1
BRDA:6,2,3,1
BRDA:22,3,0,1
BRDA:22,3,1,1
BRDA:30,4,0,0
BRDA:30,4,1,119
BRDA:31,5,0,0
BRDA:31,5,1,0
BRDA:37,6,0,169
BRDA:37,6,1,23
BRDA:49,7,0,0
BRDA:49,7,1,169
BRDA:50,8,0,0
BRDA:50,8,1,0
BRDA:50,9,0,0
BRDA:50,9,1,0
BRDA:65,10,0,0
BRDA:65,10,1,13
BRDA:71,11,0,7
BRDA:71,11,1,6
BRDA:71,12,0,0
BRDA:71,12,1,13
BRDA:71,13,0,0
BRDA:71,13,1,13
BRDA:71,14,0,0
BRDA:71,14,1,13
BRDA:71,15,0,0
BRDA:71,15,1,13
BRDA:72,16,0,0
BRDA:72,16,1,7
BRDA:76,17,0,0
BRDA:76,17,1,7
BRDA:76,18,0,0
BRDA:76,18,1,7
BRDA:77,19,0,0
BRDA:77,19,1,7
BRDA:77,20,0,0
BRDA:77,20,1,7
BRDA:79,21,0,0
BRDA:79,21,1,6
BRDA:79,22,0,0
BRDA:79,22,1,6
BRDA:79,23,0,0
BRDA:79,23,1,6
BRDA:79,24,0,0
BRDA:79,24,1,6
BRDA:79,25,0,0
BRDA:79,25,1,6
BRDA:80,26,0,0
BRDA:80,26,1,0
BRDA:84,27,0,0
BRDA:84,27,1,0
BRDA:84,28,0,0
BRDA:84,28,1,0
BRDA:85,29,0,0
BRDA:85,29,1,0
BRDA:85,30,0,0
BRDA:85,30,1,0
BRDA:87,31,0,0
BRDA:87,31,1,6
BRDA:87,32,0,0
BRDA:87,32,1,6
BRDA:87,33,0,0
BRDA:87,33,1,6
BRDA:87,34,0,0
BRDA:87,34,1,6
BRDA:87,35,0,0
BRDA:87,35,1,6
BRDA:88,36,0,0
BRDA:88,36,1,0
BRDA:92,37,0,0
BRDA:92,37,1,0
BRDA:92,38,0,0
BRDA:92,38,1,0
BRDA:93,39,0,0
BRDA:93,39,1,0
BRDA:93,40,0,0
BRDA:93,40,1,0
BRDA:96,41,0,0
BRDA:96,41,1,6
BRDA:100,42,0,0
BRDA:100,42,1,6
BRDA:104,43,0,0
BRDA:104,43,1,7
BRDA:108,44,0,0
BRDA:108,44,1,1
BRDA:109,45,0,0
BRDA:109,45,1,1
BRF:94
BRH:40
end_of_record
TN:
SF:.stryker-tmp/sandbox2315417/src/3-sorting.js
FN:2,stryNS_9fa48
FN:10,retrieveNS
FN:20,stryCov_9fa48
FN:27,cover
FN:45,stryMutAct_9fa48
FN:48,isActive
FN:64,bubbleSort
FNF:7
FNH:7
FNDA:1,stryNS_9fa48
FNDA:3,retrieveNS
FNDA:1,stryCov_9fa48
FNDA:930,cover
FNDA:1,stryMutAct_9fa48
FNDA:1852,isActive
FNDA:9,bubbleSort
DA:3,1
DA:4,1
DA:6,1
DA:7,0
DA:11,3
DA:14,1
DA:15,1
DA:18,1
DA:21,1
DA:22,1
DA:28,930
DA:30,930
DA:31,0
DA:34,930
DA:36,930
DA:37,1852
DA:41,1
DA:42,1
DA:46,1
DA:49,1852
DA:50,0
DA:51,0
DA:54,0
DA:57,1852
DA:60,1
DA:61,1
DA:65,9
DA:68,9
DA:69,9
DA:71,9
DA:72,36
DA:75,36
DA:77,36
DA:78,152
DA:81,152
DA:83,152
DA:84,2
DA:87,2
DA:88,2
DA:89,2
DA:90,2
DA:98,9
DA:102,1
DA:103,1
LF:44
LH:39
BRDA:4,0,0,1
BRDA:4,0,1,1
BRDA:6,1,0,0
BRDA:6,1,1,1
BRDA:6,2,0,1
BRDA:6,2,1,1
BRDA:6,2,2,1
BRDA:6,2,3,1
BRDA:22,3,0,1
BRDA:22,3,1,1
BRDA:30,4,0,0
BRDA:30,4,1,930
BRDA:31,5,0,0
BRDA:31,5,1,0
BRDA:37,6,0,1852
BRDA:37,6,1,21
BRDA:49,7,0,0
BRDA:49,7,1,1852
BRDA:50,8,0,0
BRDA:50,8,1,0
BRDA:50,9,0,0
BRDA:50,9,1,0
BRDA:65,10,0,0
BRDA:65,10,1,9
BRDA:71,11,0,0
BRDA:71,11,1,45
BRDA:71,12,0,0
BRDA:71,12,1,45
BRDA:71,13,0,0
BRDA:71,13,1,45
BRDA:71,14,0,0
BRDA:71,14,1,36
BRDA:72,15,0,0
BRDA:72,15,1,36
BRDA:77,16,0,0
BRDA:77,16,1,188
BRDA:77,17,0,0
BRDA:77,17,1,188
BRDA:77,18,0,0
BRDA:77,18,1,188
BRDA:77,19,0,0
BRDA:77,19,1,152
BRDA:78,20,0,0
BRDA:78,20,1,152
BRDA:83,21,0,2
BRDA:83,21,1,150
BRDA:83,22,0,0
BRDA:83,22,1,152
BRDA:83,23,0,0
BRDA:83,23,1,152
BRDA:83,24,0,0
BRDA:83,24,1,152
BRDA:83,25,0,0
BRDA:83,25,1,152
BRDA:83,26,0,0
BRDA:83,26,1,152
BRDA:84,27,0,0
BRDA:84,27,1,2
BRDA:89,28,0,0
BRDA:89,28,1,2
BRDA:90,29,0,0
BRDA:90,29,1,2
BRDA:102,30,0,0
BRDA:102,30,1,1
BRDA:103,31,0,0
BRDA:103,31,1,1
BRF:66
BRH:36
end_of_record
TN:
SF:.stryker-tmp/sandbox9163609/src/1-BMI.js
FN:2,stryNS_9fa48
FN:10,retrieveNS
FN:20,stryCov_9fa48
FN:27,cover
FN:45,stryMutAct_9fa48
FN:48,isActive
FN:64,calculateBMI
FNF:7
FNH:7
FNDA:1,stryNS_9fa48
FNDA:3,retrieveNS
FNDA:1,stryCov_9fa48
FNDA:254,cover
FNDA:1,stryMutAct_9fa48
FNDA:454,isActive
FNDA:21,calculateBMI
DA:3,1
DA:4,1
DA:6,1
DA:7,0
DA:11,3
DA:14,1
DA:15,1
DA:18,1
DA:21,1
DA:22,1
DA:28,254
DA:30,254
DA:31,0
DA:34,254
DA:36,254
DA:37,454
DA:41,1
DA:42,1
DA:46,1
DA:49,454
DA:50,0
DA:51,0
DA:54,0
DA:57,454
DA:60,1
DA:61,1
DA:65,21
DA:68,21
DA:70,21
DA:71,8
DA:74,8
DA:75,8
DA:77,13
DA:78,2
DA:81,2
DA:82,2
DA:85,11
DA:88,11
DA:89,11
DA:95,1
DA:96,1
LF:41
LH:36
BRDA:4,0,0,1
BRDA:4,0,1,1
BRDA:6,1,0,0
BRDA:6,1,1,1
BRDA:6,2,0,1
BRDA:6,2,1,1
BRDA:6,2,2,1
BRDA:6,2,3,1
BRDA:22,3,0,1
BRDA:22,3,1,1
BRDA:30,4,0,0
BRDA:30,4,1,254
BRDA:31,5,0,0
BRDA:31,5,1,0
BRDA:37,6,0,454
BRDA:37,6,1,32
BRDA:49,7,0,0
BRDA:49,7,1,454
BRDA:50,8,0,0
BRDA:50,8,1,0
BRDA:50,9,0,0
BRDA:50,9,1,0
BRDA:65,10,0,0
BRDA:65,10,1,21
BRDA:70,11,0,8
BRDA:70,11,1,13
BRDA:70,12,0,0
BRDA:70,12,1,21
BRDA:70,13,0,0
BRDA:70,13,1,0
BRDA:70,13,2,0
BRDA:70,14,0,0
BRDA:70,14,1,21
BRDA:70,15,0,0
BRDA:70,15,1,21
BRDA:70,16,0,21
BRDA:70,16,1,15
BRDA:70,17,0,0
BRDA:70,17,1,21
BRDA:70,18,0,0
BRDA:70,18,1,0
BRDA:70,19,0,0
BRDA:70,19,1,21
BRDA:70,20,0,21
BRDA:70,20,1,19
BRDA:70,21,0,0
BRDA:70,21,1,21
BRDA:70,22,0,0
BRDA:70,22,1,21
BRDA:70,23,0,0
BRDA:70,23,1,21
BRDA:70,24,0,0
BRDA:70,24,1,19
BRDA:70,25,0,0
BRDA:70,25,1,19
BRDA:70,26,0,0
BRDA:70,26,1,19
BRDA:71,27,0,0
BRDA:71,27,1,8
BRDA:75,28,0,0
BRDA:75,28,1,8
BRDA:77,29,0,2
BRDA:77,29,1,11
BRDA:77,30,0,0
BRDA:77,30,1,13
BRDA:77,31,0,0
BRDA:77,31,1,0
BRDA:77,31,2,0
BRDA:77,32,0,0
BRDA:77,32,1,13
BRDA:77,33,0,0
BRDA:77,33,1,13
BRDA:77,34,0,13
BRDA:77,34,1,11
BRDA:77,35,0,0
BRDA:77,35,1,13
BRDA:77,36,0,0
BRDA:77,36,1,0
BRDA:77,37,0,0
BRDA:77,37,1,13
BRDA:77,38,0,13
BRDA:77,38,1,13
BRDA:77,39,0,0
BRDA:77,39,1,13
BRDA:77,40,0,0
BRDA:77,40,1,13
BRDA:77,41,0,0
BRDA:77,41,1,13
BRDA:77,42,0,0
BRDA:77,42,1,13
BRDA:77,43,0,0
BRDA:77,43,1,13
BRDA:77,44,0,0
BRDA:77,44,1,13
BRDA:78,45,0,0
BRDA:78,45,1,2
BRDA:82,46,0,0
BRDA:82,46,1,2
BRDA:85,47,0,0
BRDA:85,47,1,11
BRDA:89,48,0,0
BRDA:89,48,1,11
BRDA:89,49,0,0
BRDA:89,49,1,0
BRDA:89,50,0,0
BRDA:89,50,1,11
BRDA:89,51,0,0
BRDA:89,51,1,11
BRDA:96,52,0,0
BRDA:96,52,1,1
BRF:110
BRH:57
end_of_record
TN:
SF:.stryker-tmp/sandbox9163609/src/2-converter.js
FN:2,stryNS_9fa48
FN:10,retrieveNS
FN:20,stryCov_9fa48
FN:27,cover
FN:45,stryMutAct_9fa48
FN:48,isActive
FN:64,WeightConverter
FNF:7
FNH:7
FNDA:1,stryNS_9fa48
FNDA:3,retrieveNS
FNDA:1,stryCov_9fa48
FNDA:119,cover
FNDA:1,stryMutAct_9fa48
FNDA:169,isActive
FNDA:13,WeightConverter
DA:3,1
DA:4,1
DA:6,1
DA:7,0
DA:11,3
DA:14,1
DA:15,1
DA:18,1
DA:21,1
DA:22,1
DA:28,119
DA:30,119
DA:31,0
DA:34,119
DA:36,119
DA:37,169
DA:41,1
DA:42,1
DA:46,1
DA:49,169
DA:50,0
DA:51,0
DA:54,0
DA:57,169
DA:60,1
DA:61,1
DA:65,13
DA:68,13
DA:71,13
DA:72,7
DA:75,7
DA:76,7
DA:77,7
DA:79,6
DA:80,0
DA:83,0
DA:84,0
DA:85,0
DA:87,6
DA:88,0
DA:91,0
DA:92,0
DA:93,0
DA:96,6
DA:99,6
DA:100,6
DA:104,7
DA:108,1
DA:109,1
LF:49
LH:36
BRDA:4,0,0,1
BRDA:4,0,1,1
BRDA:6,1,0,0
BRDA:6,1,1,1
BRDA:6,2,0,1
BRDA:6,2,1,1
BRDA:6,2,2,1
BRDA:6,2,3,1
BRDA:22,3,0,1
BRDA:22,3,1,1
BRDA:30,4,0,0
BRDA:30,4,1,119
BRDA:31,5,0,0
BRDA:31,5,1,0
BRDA:37,6,0,169
BRDA:37,6,1,23
BRDA:49,7,0,0
BRDA:49,7,1,169
BRDA:50,8,0,0
BRDA:50,8,1,0
BRDA:50,9,0,0
BRDA:50,9,1,0
BRDA:65,10,0,0
BRDA:65,10,1,13
BRDA:71,11,0,7
BRDA:71,11,1,6
BRDA:71,12,0,0
BRDA:71,12,1,13
BRDA:71,13,0,0
BRDA:71,13,1,13
BRDA:71,14,0,0
BRDA:71,14,1,13
BRDA:71,15,0,0
BRDA:71,15,1,13
BRDA:72,16,0,0
BRDA:72,16,1,7
BRDA:76,17,0,0
BRDA:76,17,1,7
BRDA:76,18,0,0
BRDA:76,18,1,7
BRDA:77,19,0,0
BRDA:77,19,1,7
BRDA:77,20,0,0
BRDA:77,20,1,7
BRDA:79,21,0,0
BRDA:79,21,1,6
BRDA:79,22,0,0
BRDA:79,22,1,6
BRDA:79,23,0,0
BRDA:79,23,1,6
BRDA:79,24,0,0
BRDA:79,24,1,6
BRDA:79,25,0,0
BRDA:79,25,1,6
BRDA:80,26,0,0
BRDA:80,26,1,0
BRDA:84,27,0,0
BRDA:84,27,1,0
BRDA:84,28,0,0
BRDA:84,28,1,0
BRDA:85,29,0,0
BRDA:85,29,1,0
BRDA:85,30,0,0
BRDA:85,30,1,0
BRDA:87,31,0,0
BRDA:87,31,1,6
BRDA:87,32,0,0
BRDA:87,32,1,6
BRDA:87,33,0,0
BRDA:87,33,1,6
BRDA:87,34,0,0
BRDA:87,34,1,6
BRDA:87,35,0,0
BRDA:87,35,1,6
BRDA:88,36,0,0
BRDA:88,36,1,0
BRDA:92,37,0,0
BRDA:92,37,1,0
BRDA:92,38,0,0
BRDA:92,38,1,0
BRDA:93,39,0,0
BRDA:93,39,1,0
BRDA:93,40,0,0
BRDA:93,40,1,0
BRDA:96,41,0,0
BRDA:96,41,1,6
BRDA:100,42,0,0
BRDA:100,42,1,6
BRDA:104,43,0,0
BRDA:104,43,1,7
BRDA:108,44,0,0
BRDA:108,44,1,1
BRDA:109,45,0,0
BRDA:109,45,1,1
BRF:94
BRH:40
end_of_record
TN:
SF:.stryker-tmp/sandbox9163609/src/3-sorting.js
FN:2,stryNS_9fa48
FN:10,retrieveNS
FN:20,stryCov_9fa48
FN:27,cover
FN:45,stryMutAct_9fa48
FN:48,isActive
FN:64,bubbleSort
FNF:7
FNH:7
FNDA:1,stryNS_9fa48
FNDA:3,retrieveNS
FNDA:1,stryCov_9fa48
FNDA:930,cover
FNDA:1,stryMutAct_9fa48
FNDA:1852,isActive
FNDA:9,bubbleSort
DA:3,1
DA:4,1
DA:6,1
DA:7,0
DA:11,3
DA:14,1
DA:15,1
DA:18,1
DA:21,1
DA:22,1
DA:28,930
DA:30,930
DA:31,0
DA:34,930
DA:36,930
DA:37,1852
DA:41,1
DA:42,1
DA:46,1
DA:49,1852
DA:50,0
DA:51,0
DA:54,0
DA:57,1852
DA:60,1
DA:61,1
DA:65,9
DA:68,9
DA:69,9
DA:71,9
DA:72,36
DA:75,36
DA:77,36
DA:78,152
DA:81,152
DA:83,152
DA:84,2
DA:87,2
DA:88,2
DA:89,2
DA:90,2
DA:98,9
DA:102,1
DA:103,1
LF:44
LH:39
BRDA:4,0,0,1
BRDA:4,0,1,1
BRDA:6,1,0,0
BRDA:6,1,1,1
BRDA:6,2,0,1
BRDA:6,2,1,1
BRDA:6,2,2,1
BRDA:6,2,3,1
BRDA:22,3,0,1
BRDA:22,3,1,1
BRDA:30,4,0,0
BRDA:30,4,1,930
BRDA:31,5,0,0
BRDA:31,5,1,0
BRDA:37,6,0,1852
BRDA:37,6,1,21
BRDA:49,7,0,0
BRDA:49,7,1,1852
BRDA:50,8,0,0
BRDA:50,8,1,0
BRDA:50,9,0,0
BRDA:50,9,1,0
BRDA:65,10,0,0
BRDA:65,10,1,9
BRDA:71,11,0,0
BRDA:71,11,1,45
BRDA:71,12,0,0
BRDA:71,12,1,45
BRDA:71,13,0,0
BRDA:71,13,1,45
BRDA:71,14,0,0
BRDA:71,14,1,36
BRDA:72,15,0,0
BRDA:72,15,1,36
BRDA:77,16,0,0
BRDA:77,16,1,188
BRDA:77,17,0,0
BRDA:77,17,1,188
BRDA:77,18,0,0
BRDA:77,18,1,188
BRDA:77,19,0,0
BRDA:77,19,1,152
BRDA:78,20,0,0
BRDA:78,20,1,152
BRDA:83,21,0,2
BRDA:83,21,1,150
BRDA:83,22,0,0
BRDA:83,22,1,152
BRDA:83,23,0,0
BRDA:83,23,1,152
BRDA:83,24,0,0
BRDA:83,24,1,152
BRDA:83,25,0,0
BRDA:83,25,1,152
BRDA:83,26,0,0
BRDA:83,26,1,152
BRDA:84,27,0,0
BRDA:84,27,1,2
BRDA:89,28,0,0
BRDA:89,28,1,2
BRDA:90,29,0,0
BRDA:90,29,1,2
BRDA:102,30,0,0
BRDA:102,30,1,1
BRDA:103,31,0,0
BRDA:103,31,1,1
BRF:66
BRH:36
end_of_record
TN:
SF:.stryker-tmp/sandbox9452592/src/1-BMI.js
FN:2,stryNS_9fa48
FN:10,retrieveNS
FN:20,stryCov_9fa48
FN:27,cover
FN:45,stryMutAct_9fa48
FN:48,isActive
FN:64,calculateBMI
FNF:7
FNH:7
FNDA:1,stryNS_9fa48
FNDA:3,retrieveNS
FNDA:1,stryCov_9fa48
FNDA:254,cover
FNDA:1,stryMutAct_9fa48
FNDA:454,isActive
FNDA:21,calculateBMI
DA:3,1
DA:4,1
DA:6,1
DA:7,0
DA:11,3
DA:14,1
DA:15,1
DA:18,1
DA:21,1
DA:22,1
DA:28,254
DA:30,254
DA:31,0
DA:34,254
DA:36,254
DA:37,454
DA:41,1
DA:42,1
DA:46,1
DA:49,454
DA:50,0
DA:51,0
DA:54,0
DA:57,454
DA:60,1
DA:61,1
DA:65,21
DA:68,21
DA:70,21
DA:71,8
DA:74,8
DA:75,8
DA:77,13
DA:78,2
DA:81,2
DA:82,2
DA:85,11
DA:88,11
DA:89,11
DA:95,1
DA:96,1
LF:41
LH:36
BRDA:4,0,0,1
BRDA:4,0,1,1
BRDA:6,1,0,0
BRDA:6,1,1,1
BRDA:6,2,0,1
BRDA:6,2,1,1
BRDA:6,2,2,1
BRDA:6,2,3,1
BRDA:22,3,0,1
BRDA:22,3,1,1
BRDA:30,4,0,0
BRDA:30,4,1,254
BRDA:31,5,0,0
BRDA:31,5,1,0
BRDA:37,6,0,454
BRDA:37,6,1,32
BRDA:49,7,0,0
BRDA:49,7,1,454
BRDA:50,8,0,0
BRDA:50,8,1,0
BRDA:50,9,0,0
BRDA:50,9,1,0
BRDA:65,10,0,0
BRDA:65,10,1,21
BRDA:70,11,0,8
BRDA:70,11,1,13
BRDA:70,12,0,0
BRDA:70,12,1,21
BRDA:70,13,0,0
BRDA:70,13,1,0
BRDA:70,13,2,0
BRDA:70,14,0,0
BRDA:70,14,1,21
BRDA:70,15,0,0
BRDA:70,15,1,21
BRDA:70,16,0,21
BRDA:70,16,1,15
BRDA:70,17,0,0
BRDA:70,17,1,21
BRDA:70,18,0,0
BRDA:70,18,1,0
BRDA:70,19,0,0
BRDA:70,19,1,21
BRDA:70,20,0,21
BRDA:70,20,1,19
BRDA:70,21,0,0
BRDA:70,21,1,21
BRDA:70,22,0,0
BRDA:70,22,1,21
BRDA:70,23,0,0
BRDA:70,23,1,21
BRDA:70,24,0,0
BRDA:70,24,1,19
BRDA:70,25,0,0
BRDA:70,25,1,19
BRDA:70,26,0,0
BRDA:70,26,1,19
BRDA:71,27,0,0
BRDA:71,27,1,8
BRDA:75,28,0,0
BRDA:75,28,1,8
BRDA:77,29,0,2
BRDA:77,29,1,11
BRDA:77,30,0,0
BRDA:77,30,1,13
BRDA:77,31,0,0
BRDA:77,31,1,0
BRDA:77,31,2,0
BRDA:77,32,0,0
BRDA:77,32,1,13
BRDA:77,33,0,0
BRDA:77,33,1,13
BRDA:77,34,0,13
BRDA:77,34,1,11
BRDA:77,35,0,0
BRDA:77,35,1,13
BRDA:77,36,0,0
BRDA:77,36,1,0
BRDA:77,37,0,0
BRDA:77,37,1,13
BRDA:77,38,0,13
BRDA:77,38,1,13
BRDA:77,39,0,0
BRDA:77,39,1,13
BRDA:77,40,0,0
BRDA:77,40,1,13
BRDA:77,41,0,0
BRDA:77,41,1,13
BRDA:77,42,0,0
BRDA:77,42,1,13
BRDA:77,43,0,0
BRDA:77,43,1,13
BRDA:77,44,0,0
BRDA:77,44,1,13
BRDA:78,45,0,0
BRDA:78,45,1,2
BRDA:82,46,0,0
BRDA:82,46,1,2
BRDA:85,47,0,0
BRDA:85,47,1,11
BRDA:89,48,0,0
BRDA:89,48,1,11
BRDA:89,49,0,0
BRDA:89,49,1,0
BRDA:89,50,0,0
BRDA:89,50,1,11
BRDA:89,51,0,0
BRDA:89,51,1,11
BRDA:96,52,0,0
BRDA:96,52,1,1
BRF:110
BRH:57
end_of_record
TN:
SF:.stryker-tmp/sandbox9452592/src/2-converter.js
FN:2,stryNS_9fa48
FN:10,retrieveNS
FN:20,stryCov_9fa48
FN:27,cover
FN:45,stryMutAct_9fa48
FN:48,isActive
FN:64,WeightConverter
FNF:7
FNH:7
FNDA:1,stryNS_9fa48
FNDA:3,retrieveNS
FNDA:1,stryCov_9fa48
FNDA:119,cover
FNDA:1,stryMutAct_9fa48
FNDA:169,isActive
FNDA:13,WeightConverter
DA:3,1
DA:4,1
DA:6,1
DA:7,0
DA:11,3
DA:14,1
DA:15,1
DA:18,1
DA:21,1
DA:22,1
DA:28,119
DA:30,119
DA:31,0
DA:34,119
DA:36,119
DA:37,169
DA:41,1
DA:42,1
DA:46,1
DA:49,169
DA:50,0
DA:51,0
DA:54,0
DA:57,169
DA:60,1
DA:61,1
DA:65,13
DA:68,13
DA:71,13
DA:72,7
DA:75,7
DA:76,7
DA:77,7
DA:79,6
DA:80,0
DA:83,0
DA:84,0
DA:85,0
DA:87,6
DA:88,0
DA:91,0
DA:92,0
DA:93,0
DA:96,6
DA:99,6
DA:100,6
DA:104,7
DA:108,1
DA:109,1
LF:49
LH:36
BRDA:4,0,0,1
BRDA:4,0,1,1
BRDA:6,1,0,0
BRDA:6,1,1,1
BRDA:6,2,0,1
BRDA:6,2,1,1
BRDA:6,2,2,1
BRDA:6,2,3,1
BRDA:22,3,0,1
BRDA:22,3,1,1
BRDA:30,4,0,0
BRDA:30,4,1,119
BRDA:31,5,0,0
BRDA:31,5,1,0
BRDA:37,6,0,169
BRDA:37,6,1,23
BRDA:49,7,0,0
BRDA:49,7,1,169
BRDA:50,8,0,0
BRDA:50,8,1,0
BRDA:50,9,0,0
BRDA:50,9,1,0
BRDA:65,10,0,0
BRDA:65,10,1,13
BRDA:71,11,0,7
BRDA:71,11,1,6
BRDA:71,12,0,0
BRDA:71,12,1,13
BRDA:71,13,0,0
BRDA:71,13,1,13
BRDA:71,14,0,0
BRDA:71,14,1,13
BRDA:71,15,0,0
BRDA:71,15,1,13
BRDA:72,16,0,0
BRDA:72,16,1,7
BRDA:76,17,0,0
BRDA:76,17,1,7
BRDA:76,18,0,0
BRDA:76,18,1,7
BRDA:77,19,0,0
BRDA:77,19,1,7
BRDA:77,20,0,0
BRDA:77,20,1,7
BRDA:79,21,0,0
BRDA:79,21,1,6
BRDA:79,22,0,0
BRDA:79,22,1,6
BRDA:79,23,0,0
BRDA:79,23,1,6
BRDA:79,24,0,0
BRDA:79,24,1,6
BRDA:79,25,0,0
BRDA:79,25,1,6
BRDA:80,26,0,0
BRDA:80,26,1,0
BRDA:84,27,0,0
BRDA:84,27,1,0
BRDA:84,28,0,0
BRDA:84,28,1,0
BRDA:85,29,0,0
BRDA:85,29,1,0
BRDA:85,30,0,0
BRDA:85,30,1,0
BRDA:87,31,0,0
BRDA:87,31,1,6
BRDA:87,32,0,0
BRDA:87,32,1,6
BRDA:87,33,0,0
BRDA:87,33,1,6
BRDA:87,34,0,0
BRDA:87,34,1,6
BRDA:87,35,0,0
BRDA:87,35,1,6
BRDA:88,36,0,0
BRDA:88,36,1,0
BRDA:92,37,0,0
BRDA:92,37,1,0
BRDA:92,38,0,0
BRDA:92,38,1,0
BRDA:93,39,0,0
BRDA:93,39,1,0
BRDA:93,40,0,0
BRDA:93,40,1,0
BRDA:96,41,0,0
BRDA:96,41,1,6
BRDA:100,42,0,0
BRDA:100,42,1,6
BRDA:104,43,0,0
BRDA:104,43,1,7
BRDA:108,44,0,0
BRDA:108,44,1,1
BRDA:109,45,0,0
BRDA:109,45,1,1
BRF:94
BRH:40
end_of_record
TN:
SF:.stryker-tmp/sandbox9452592/src/3-sorting.js
FN:2,stryNS_9fa48
FN:10,retrieveNS
FN:20,stryCov_9fa48
FN:27,cover
FN:45,stryMutAct_9fa48
FN:48,isActive
FN:64,bubbleSort
FNF:7
FNH:7
FNDA:1,stryNS_9fa48
FNDA:3,retrieveNS
FNDA:1,stryCov_9fa48
FNDA:930,cover
FNDA:1,stryMutAct_9fa48
FNDA:1852,isActive
FNDA:9,bubbleSort
DA:3,1
DA:4,1
DA:6,1
DA:7,0
DA:11,3
DA:14,1
DA:15,1
DA:18,1
DA:21,1
DA:22,1
DA:28,930
DA:30,930
DA:31,0
DA:34,930
DA:36,930
DA:37,1852
DA:41,1
DA:42,1
DA:46,1
DA:49,1852
DA:50,0
DA:51,0
DA:54,0
DA:57,1852
DA:60,1
DA:61,1
DA:65,9
DA:68,9
DA:69,9
DA:71,9
DA:72,36
DA:75,36
DA:77,36
DA:78,152
DA:81,152
DA:83,152
DA:84,2
DA:87,2
DA:88,2
DA:89,2
DA:90,2
DA:98,9
DA:102,1
DA:103,1
LF:44
LH:39
BRDA:4,0,0,1
BRDA:4,0,1,1
BRDA:6,1,0,0
BRDA:6,1,1,1
BRDA:6,2,0,1
BRDA:6,2,1,1
BRDA:6,2,2,1
BRDA:6,2,3,1
BRDA:22,3,0,1
BRDA:22,3,1,1
BRDA:30,4,0,0
BRDA:30,4,1,930
BRDA:31,5,0,0
BRDA:31,5,1,0
BRDA:37,6,0,1852
BRDA:37,6,1,21
BRDA:49,7,0,0
BRDA:49,7,1,1852
BRDA:50,8,0,0
BRDA:50,8,1,0
BRDA:50,9,0,0
BRDA:50,9,1,0
BRDA:65,10,0,0
BRDA:65,10,1,9
BRDA:71,11,0,0
BRDA:71,11,1,45
BRDA:71,12,0,0
BRDA:71,12,1,45
BRDA:71,13,0,0
BRDA:71,13,1,45
BRDA:71,14,0,0
BRDA:71,14,1,36
BRDA:72,15,0,0
BRDA:72,15,1,36
BRDA:77,16,0,0
BRDA:77,16,1,188
BRDA:77,17,0,0
BRDA:77,17,1,188
BRDA:77,18,0,0
BRDA:77,18,1,188
BRDA:77,19,0,0
BRDA:77,19,1,152
BRDA:78,20,0,0
BRDA:78,20,1,152
BRDA:83,21,0,2
BRDA:83,21,1,150
BRDA:83,22,0,0
BRDA:83,22,1,152
BRDA:83,23,0,0
BRDA:83,23,1,152
BRDA:83,24,0,0
BRDA:83,24,1,152
BRDA:83,25,0,0
BRDA:83,25,1,152
BRDA:83,26,0,0
BRDA:83,26,1,152
BRDA:84,27,0,0
BRDA:84,27,1,2
BRDA:89,28,0,0
BRDA:89,28,1,2
BRDA:90,29,0,0
BRDA:90,29,1,2
BRDA:102,30,0,0
BRDA:102,30,1,1
BRDA:103,31,0,0
BRDA:103,31,1,1
BRF:66
BRH:36
end_of_record
TN:
SF:src/1-BMI.js
FN:1,calculateBMI
FNF:1
FNH:1
FNDA:21,calculateBMI
DA:3,21
DA:4,8
DA:5,13
DA:6,2
DA:8,11
DA:11,1
DA:13,1
LF:7
LH:7
BRDA:3,0,0,8
BRDA:3,0,1,13
BRDA:3,1,0,21
BRDA:3,1,1,19
BRDA:3,1,2,15
BRDA:5,2,0,2
BRDA:5,2,1,11
BRDA:5,3,0,13
BRDA:5,3,1,13
BRDA:5,3,2,11
BRF:10
BRH:10
end_of_record
TN:
SF:src/2-converter.js
FN:1,WeightConverter
FNF:1
FNH:1
FNDA:13,WeightConverter
DA:5,13
DA:7,7
DA:8,7
DA:9,6
DA:10,0
DA:11,0
DA:12,6
DA:13,0
DA:14,0
DA:16,6
DA:18,7
DA:21,1
DA:22,1
LF:13
LH:9
BRDA:5,0,0,7
BRDA:5,0,1,6
BRDA:9,1,0,0
BRDA:9,1,1,6
BRDA:12,2,0,0
BRDA:12,2,1,6
BRF:6
BRH:4
end_of_record
TN:
SF:src/3-sorting.js
FN:1,bubbleSort
FNF:1
FNH:1
FNDA:9,bubbleSort
DA:2,9
DA:3,9
DA:4,36
DA:5,152
DA:6,2
DA:7,2
DA:8,2
DA:12,9
DA:14,1
DA:15,1
LF:10
LH:10
BRDA:5,0,0,2
BRDA:5,0,1,150
BRF:2
BRH:2
end_of_record
